<?xml version='1.0' encoding='UTF-8'?>
<testsuite hostname="Kln_pro" name="it.unibo.todolist.TodoListGUITest" tests="8" errors="0" failures="0" skipped="0" time="27.767" timestamp="2026-07-10T21:14:38">
          <properties>
[...]
</properties>
          <testcase classname="it.unibo.todolist.TodoListGUITest" name="shouldUpdateStatsAfterAddingTask()" time="4.268">
                      
                    </testcase><testcase classname="it.unibo.todolist.TodoListGUITest" name="shouldFilterCompletedTasks()" time="4.485">
                      
                    </testcase><testcase classname="it.unibo.todolist.TodoListGUITest" name="shouldCompleteTaskUsingCheckbox()" time="3.372">
                      
                    </testcase><testcase classname="it.unibo.todolist.TodoListGUITest" name="shouldAddTask()" time="2.637">
                      
                    </testcase><testcase classname="it.unibo.todolist.TodoListGUITest" name="shouldDeleteTaskAfterConfirmation()" time="4.136">
                      
                    </testcase><testcase classname="it.unibo.todolist.TodoListGUITest" name="shouldShowErrorWhenTaskIsEmpty()" time="0.859">
                      
                    </testcase><testcase classname="it.unibo.todolist.TodoListGUITest" name="shouldFilterUncompletedTasks()" time="4.267">
                      
                    </testcase><testcase classname="it.unibo.todolist.TodoListGUITest" name="shouldNotDeleteTaskWithoutConfirmation()" time="3.743">
                      
                    </testcase>
          <system-out></system-out>
          <system-err></system-err>
        </testsuite>