-------------------------------------------------------------------------------
Test set: it.unibo.todolist.TodoListTest
-------------------------------------------------------------------------------
Tests run: 6, Failures: 0, Errors: 6, Skipped: 0, Time elapsed: 4.536 s <<< FAILURE! -- in it.unibo.todolist.TodoListTest
it.unibo.todolist.TodoListTest.shouldUpdateStatsAfterAddingTask(FxRobot) -- Time elapsed: 2.816 s <<< ERROR!
org.junit.jupiter.api.extension.ParameterResolutionException: No ParameterResolver registered for parameter [org.testfx.api.FxRobot arg0] in method [void it.unibo.todolist.TodoListTest.shouldUpdateStatsAfterAddingTask(org.testfx.api.FxRobot)].
	at java.base/java.util.ArrayList.forEach(ArrayList.java:1612)
	at java.base/java.util.ArrayList.forEach(ArrayList.java:1612)

it.unibo.todolist.TodoListTest.shouldFilterCompletedTasks(FxRobot) -- Time elapsed: 0.381 s <<< ERROR!
org.junit.jupiter.api.extension.ParameterResolutionException: No ParameterResolver registered for parameter [org.testfx.api.FxRobot arg0] in method [void it.unibo.todolist.TodoListTest.shouldFilterCompletedTasks(org.testfx.api.FxRobot)].
	at java.base/java.util.ArrayList.forEach(ArrayList.java:1612)
	at java.base/java.util.ArrayList.forEach(ArrayList.java:1612)

it.unibo.todolist.TodoListTest.shouldCompleteTaskUsingCheckbox(FxRobot) -- Time elapsed: 0.323 s <<< ERROR!
org.junit.jupiter.api.extension.ParameterResolutionException: No ParameterResolver registered for parameter [org.testfx.api.FxRobot arg0] in method [void it.unibo.todolist.TodoListTest.shouldCompleteTaskUsingCheckbox(org.testfx.api.FxRobot)].
	at java.base/java.util.ArrayList.forEach(ArrayList.java:1612)
	at java.base/java.util.ArrayList.forEach(ArrayList.java:1612)

it.unibo.todolist.TodoListTest.shouldAddTask(FxRobot) -- Time elapsed: 0.313 s <<< ERROR!
org.junit.jupiter.api.extension.ParameterResolutionException: No ParameterResolver registered for parameter [org.testfx.api.FxRobot arg0] in method [void it.unibo.todolist.TodoListTest.shouldAddTask(org.testfx.api.FxRobot)].
	at java.base/java.util.ArrayList.forEach(ArrayList.java:1612)
	at java.base/java.util.ArrayList.forEach(ArrayList.java:1612)

it.unibo.todolist.TodoListTest.shouldDeleteTaskAfterConfirmation(FxRobot) -- Time elapsed: 0.312 s <<< ERROR!
org.junit.jupiter.api.extension.ParameterResolutionException: No ParameterResolver registered for parameter [org.testfx.api.FxRobot arg0] in method [void it.unibo.todolist.TodoListTest.shouldDeleteTaskAfterConfirmation(org.testfx.api.FxRobot)].
	at java.base/java.util.ArrayList.forEach(ArrayList.java:1612)
	at java.base/java.util.ArrayList.forEach(ArrayList.java:1612)

it.unibo.todolist.TodoListTest.shouldShowErrorWhenTaskIsEmpty(FxRobot) -- Time elapsed: 0.307 s <<< ERROR!
org.junit.jupiter.api.extension.ParameterResolutionException: No ParameterResolver registered for parameter [org.testfx.api.FxRobot arg0] in method [void it.unibo.todolist.TodoListTest.shouldShowErrorWhenTaskIsEmpty(org.testfx.api.FxRobot)].
	at java.base/java.util.ArrayList.forEach(ArrayList.java:1612)
	at java.base/java.util.ArrayList.forEach(ArrayList.java:1612)

