<?xml version="1.0" encoding="UTF-8"?>
<testsuite xmlns:xsi="http://www.w3.org/2001/XMLSchema-instance" xsi:noNamespaceSchemaLocation="https://maven.apache.org/surefire/maven-surefire-plugin/xsd/surefire-test-report.xsd" version="3.0.2" name="it.unibo.todolist.TodoListTest" time="4.536" tests="6" errors="6" skipped="0" failures="0">
  <properties>
[...]
</properties>
  <testcase name="shouldUpdateStatsAfterAddingTask(FxRobot)" classname="it.unibo.todolist.TodoListTest" time="2.816">
    <error message="No ParameterResolver registered for parameter [org.testfx.api.FxRobot arg0] in method [void it.unibo.todolist.TodoListTest.shouldUpdateStatsAfterAddingTask(org.testfx.api.FxRobot)]." type="org.junit.jupiter.api.extension.ParameterResolutionException"><![CDATA[org.junit.jupiter.api.extension.ParameterResolutionException: No ParameterResolver registered for parameter [org.testfx.api.FxRobot arg0] in method [void it.unibo.todolist.TodoListTest.shouldUpdateStatsAfterAddingTask(org.testfx.api.FxRobot)].
	at java.base/java.util.ArrayList.forEach(ArrayList.java:1612)
	at java.base/java.util.ArrayList.forEach(ArrayList.java:1612)
]]></error>
    <system-err><![CDATA[giu 27, 2026 9:16:10 AM com.sun.javafx.application.PlatformImpl startup
AVVERTENZA: Unsupported JavaFX configuration: classes were loaded from 'unnamed module @6f195bc3'
]]></system-err>
  </testcase>
  <testcase name="shouldFilterCompletedTasks(FxRobot)" classname="it.unibo.todolist.TodoListTest" time="0.381">
    <error message="No ParameterResolver registered for parameter [org.testfx.api.FxRobot arg0] in method [void it.unibo.todolist.TodoListTest.shouldFilterCompletedTasks(org.testfx.api.FxRobot)]." type="org.junit.jupiter.api.extension.ParameterResolutionException"><![CDATA[org.junit.jupiter.api.extension.ParameterResolutionException: No ParameterResolver registered for parameter [org.testfx.api.FxRobot arg0] in method [void it.unibo.todolist.TodoListTest.shouldFilterCompletedTasks(org.testfx.api.FxRobot)].
	at java.base/java.util.ArrayList.forEach(ArrayList.java:1612)
	at java.base/java.util.ArrayList.forEach(ArrayList.java:1612)
]]></error>
  </testcase>
  <testcase name="shouldCompleteTaskUsingCheckbox(FxRobot)" classname="it.unibo.todolist.TodoListTest" time="0.323">
    <error message="No ParameterResolver registered for parameter [org.testfx.api.FxRobot arg0] in method [void it.unibo.todolist.TodoListTest.shouldCompleteTaskUsingCheckbox(org.testfx.api.FxRobot)]." type="org.junit.jupiter.api.extension.ParameterResolutionException"><![CDATA[org.junit.jupiter.api.extension.ParameterResolutionException: No ParameterResolver registered for parameter [org.testfx.api.FxRobot arg0] in method [void it.unibo.todolist.TodoListTest.shouldCompleteTaskUsingCheckbox(org.testfx.api.FxRobot)].
	at java.base/java.util.ArrayList.forEach(ArrayList.java:1612)
	at java.base/java.util.ArrayList.forEach(ArrayList.java:1612)
]]></error>
  </testcase>
  <testcase name="shouldAddTask(FxRobot)" classname="it.unibo.todolist.TodoListTest" time="0.313">
    <error message="No ParameterResolver registered for parameter [org.testfx.api.FxRobot arg0] in method [void it.unibo.todolist.TodoListTest.shouldAddTask(org.testfx.api.FxRobot)]." type="org.junit.jupiter.api.extension.ParameterResolutionException"><![CDATA[org.junit.jupiter.api.extension.ParameterResolutionException: No ParameterResolver registered for parameter [org.testfx.api.FxRobot arg0] in method [void it.unibo.todolist.TodoListTest.shouldAddTask(org.testfx.api.FxRobot)].
	at java.base/java.util.ArrayList.forEach(ArrayList.java:1612)
	at java.base/java.util.ArrayList.forEach(ArrayList.java:1612)
]]></error>
  </testcase>
  <testcase name="shouldDeleteTaskAfterConfirmation(FxRobot)" classname="it.unibo.todolist.TodoListTest" time="0.312">
    <error message="No ParameterResolver registered for parameter [org.testfx.api.FxRobot arg0] in method [void it.unibo.todolist.TodoListTest.shouldDeleteTaskAfterConfirmation(org.testfx.api.FxRobot)]." type="org.junit.jupiter.api.extension.ParameterResolutionException"><![CDATA[org.junit.jupiter.api.extension.ParameterResolutionException: No ParameterResolver registered for parameter [org.testfx.api.FxRobot arg0] in method [void it.unibo.todolist.TodoListTest.shouldDeleteTaskAfterConfirmation(org.testfx.api.FxRobot)].
	at java.base/java.util.ArrayList.forEach(ArrayList.java:1612)
	at java.base/java.util.ArrayList.forEach(ArrayList.java:1612)
]]></error>
  </testcase>
  <testcase name="shouldShowErrorWhenTaskIsEmpty(FxRobot)" classname="it.unibo.todolist.TodoListTest" time="0.307">
    <error message="No ParameterResolver registered for parameter [org.testfx.api.FxRobot arg0] in method [void it.unibo.todolist.TodoListTest.shouldShowErrorWhenTaskIsEmpty(org.testfx.api.FxRobot)]." type="org.junit.jupiter.api.extension.ParameterResolutionException"><![CDATA[org.junit.jupiter.api.extension.ParameterResolutionException: No ParameterResolver registered for parameter [org.testfx.api.FxRobot arg0] in method [void it.unibo.todolist.TodoListTest.shouldShowErrorWhenTaskIsEmpty(org.testfx.api.FxRobot)].
	at java.base/java.util.ArrayList.forEach(ArrayList.java:1612)
	at java.base/java.util.ArrayList.forEach(ArrayList.java:1612)
]]></error>
  </testcase>
</testsuite>